#! /c/Source/iverilog-install/bin/vvp
:ivl_version "12.0 (devel)" "(s20150603-1539-g2693dd32b)";
:ivl_delay_selection "TYPICAL";
:vpi_time_precision - 12;
:vpi_module "C:\iverilog\lib\ivl\system.vpi";
:vpi_module "C:\iverilog\lib\ivl\vhdl_sys.vpi";
:vpi_module "C:\iverilog\lib\ivl\vhdl_textio.vpi";
:vpi_module "C:\iverilog\lib\ivl\v2005_math.vpi";
:vpi_module "C:\iverilog\lib\ivl\va_math.vpi";
S_000002bd2cd4c410 .scope module, "tb_non_ov" "tb_non_ov" 2 4;
 .timescale -9 -12;
v000002bd2cbd8e80_0 .var "clk", 0 0;
v000002bd2cc28850_0 .var "in", 0 0;
v000002bd2cc288f0_0 .net "out", 0 0, v000002bd2cd4bb90_0;  1 drivers
v000002bd2cc28990_0 .var "rst", 0 0;
S_000002bd2cbd8ac0 .scope module, "dut" "non_ov_0110" 2 9, 3 3 0, S_000002bd2cd4c410;
 .timescale -9 -12;
    .port_info 0 /INPUT 1 "clk";
    .port_info 1 /INPUT 1 "rst";
    .port_info 2 /INPUT 1 "in";
    .port_info 3 /OUTPUT 1 "out";
P_000002bd2cbd8c50 .param/l "s0" 0 3 11, +C4<00000000000000000000000000000000>;
P_000002bd2cbd8c88 .param/l "s1" 0 3 11, +C4<00000000000000000000000000000001>;
P_000002bd2cbd8cc0 .param/l "s2" 0 3 11, +C4<00000000000000000000000000000010>;
P_000002bd2cbd8cf8 .param/l "s3" 0 3 11, +C4<00000000000000000000000000000011>;
v000002bd2cba33e0_0 .net "clk", 0 0, v000002bd2cbd8e80_0;  1 drivers
v000002bd2cba3170_0 .net "in", 0 0, v000002bd2cc28850_0;  1 drivers
v000002bd2cd4bb90_0 .var "out", 0 0;
v000002bd2cbd8d40_0 .net "rst", 0 0, v000002bd2cc28990_0;  1 drivers
v000002bd2cbd8de0_0 .var "state", 1 0;
E_000002bd2cd4a4e0 .event posedge, v000002bd2cba33e0_0;
    .scope S_000002bd2cbd8ac0;
T_0 ;
    %wait E_000002bd2cd4a4e0;
    %load/vec4 v000002bd2cbd8d40_0;
    %cmpi/e 1, 0, 1;
    %jmp/0xz  T_0.0, 4;
    %pushi/vec4 0, 0, 2;
    %assign/vec4 v000002bd2cbd8de0_0, 0;
    %pushi/vec4 0, 0, 1;
    %assign/vec4 v000002bd2cd4bb90_0, 0;
    %jmp T_0.1;
T_0.0 ;
    %load/vec4 v000002bd2cbd8de0_0;
    %dup/vec4;
    %pushi/vec4 0, 0, 2;
    %cmp/u;
    %jmp/1 T_0.2, 6;
    %dup/vec4;
    %pushi/vec4 1, 0, 2;
    %cmp/u;
    %jmp/1 T_0.3, 6;
    %dup/vec4;
    %pushi/vec4 2, 0, 2;
    %cmp/u;
    %jmp/1 T_0.4, 6;
    %dup/vec4;
    %pushi/vec4 3, 0, 2;
    %cmp/u;
    %jmp/1 T_0.5, 6;
    %pushi/vec4 0, 0, 2;
    %assign/vec4 v000002bd2cbd8de0_0, 0;
    %pushi/vec4 0, 0, 1;
    %assign/vec4 v000002bd2cd4bb90_0, 0;
    %jmp T_0.7;
T_0.2 ;
    %load/vec4 v000002bd2cba3170_0;
    %flag_set/vec4 8;
    %jmp/0 T_0.8, 8;
    %pushi/vec4 0, 0, 32;
    %jmp/1 T_0.9, 8;
T_0.8 ; End of true expr.
    %pushi/vec4 1, 0, 32;
    %jmp/0 T_0.9, 8;
 ; End of false expr.
    %blend;
T_0.9;
    %pad/s 2;
    %assign/vec4 v000002bd2cbd8de0_0, 0;
    %pushi/vec4 0, 0, 1;
    %assign/vec4 v000002bd2cd4bb90_0, 0;
    %jmp T_0.7;
T_0.3 ;
    %load/vec4 v000002bd2cba3170_0;
    %flag_set/vec4 8;
    %jmp/0 T_0.10, 8;
    %pushi/vec4 2, 0, 32;
    %jmp/1 T_0.11, 8;
T_0.10 ; End of true expr.
    %pushi/vec4 1, 0, 32;
    %jmp/0 T_0.11, 8;
 ; End of false expr.
    %blend;
T_0.11;
    %pad/s 2;
    %assign/vec4 v000002bd2cbd8de0_0, 0;
    %pushi/vec4 0, 0, 1;
    %assign/vec4 v000002bd2cd4bb90_0, 0;
    %jmp T_0.7;
T_0.4 ;
    %load/vec4 v000002bd2cba3170_0;
    %flag_set/vec4 8;
    %jmp/0 T_0.12, 8;
    %pushi/vec4 3, 0, 32;
    %jmp/1 T_0.13, 8;
T_0.12 ; End of true expr.
    %pushi/vec4 1, 0, 32;
    %jmp/0 T_0.13, 8;
 ; End of false expr.
    %blend;
T_0.13;
    %pad/s 2;
    %assign/vec4 v000002bd2cbd8de0_0, 0;
    %pushi/vec4 0, 0, 1;
    %assign/vec4 v000002bd2cd4bb90_0, 0;
    %jmp T_0.7;
T_0.5 ;
    %load/vec4 v000002bd2cba3170_0;
    %flag_set/vec4 8;
    %jmp/0 T_0.14, 8;
    %pushi/vec4 0, 0, 32;
    %jmp/1 T_0.15, 8;
T_0.14 ; End of true expr.
    %pushi/vec4 0, 0, 32;
    %jmp/0 T_0.15, 8;
 ; End of false expr.
    %blend;
T_0.15;
    %pad/s 2;
    %assign/vec4 v000002bd2cbd8de0_0, 0;
    %load/vec4 v000002bd2cba3170_0;
    %flag_set/vec4 8;
    %jmp/0 T_0.16, 8;
    %pushi/vec4 0, 0, 2;
    %jmp/1 T_0.17, 8;
T_0.16 ; End of true expr.
    %pushi/vec4 1, 0, 2;
    %jmp/0 T_0.17, 8;
 ; End of false expr.
    %blend;
T_0.17;
    %pad/s 1;
    %assign/vec4 v000002bd2cd4bb90_0, 0;
    %jmp T_0.7;
T_0.7 ;
    %pop/vec4 1;
T_0.1 ;
    %jmp T_0;
    .thread T_0;
    .scope S_000002bd2cd4c410;
T_1 ;
    %pushi/vec4 0, 0, 1;
    %store/vec4 v000002bd2cbd8e80_0, 0, 1;
    %pushi/vec4 1, 0, 1;
    %store/vec4 v000002bd2cc28990_0, 0, 1;
    %delay 15000, 0;
    %pushi/vec4 0, 0, 1;
    %store/vec4 v000002bd2cc28990_0, 0, 1;
    %end;
    .thread T_1;
    .scope S_000002bd2cd4c410;
T_2 ;
T_2.0 ;
    %delay 5000, 0;
    %load/vec4 v000002bd2cbd8e80_0;
    %inv;
    %store/vec4 v000002bd2cbd8e80_0, 0, 1;
    %jmp T_2.0;
    %end;
    .thread T_2;
    .scope S_000002bd2cd4c410;
T_3 ;
    %vpi_call 2 22 "$monitor", "%t || in = %b || out = %b || state = %d", $time, v000002bd2cc28850_0, v000002bd2cc288f0_0, v000002bd2cbd8de0_0 {0 0 0};
    %vpi_call 2 23 "$dumpfile", "non_ov.vcd" {0 0 0};
    %vpi_call 2 24 "$dumpvars", 32'sb00000000000000000000000000000000, S_000002bd2cd4c410 {0 0 0};
    %end;
    .thread T_3;
    .scope S_000002bd2cd4c410;
T_4 ;
    %pushi/vec4 0, 0, 1;
    %store/vec4 v000002bd2cc28850_0, 0, 1;
    %delay 15000, 0;
    %pushi/vec4 1, 0, 1;
    %store/vec4 v000002bd2cc28850_0, 0, 1;
    %delay 10000, 0;
    %pushi/vec4 0, 0, 1;
    %store/vec4 v000002bd2cc28850_0, 0, 1;
    %delay 10000, 0;
    %pushi/vec4 1, 0, 1;
    %store/vec4 v000002bd2cc28850_0, 0, 1;
    %delay 10000, 0;
    %pushi/vec4 1, 0, 1;
    %store/vec4 v000002bd2cc28850_0, 0, 1;
    %delay 10000, 0;
    %pushi/vec4 0, 0, 1;
    %store/vec4 v000002bd2cc28850_0, 0, 1;
    %delay 10000, 0;
    %pushi/vec4 1, 0, 1;
    %store/vec4 v000002bd2cc28850_0, 0, 1;
    %delay 10000, 0;
    %pushi/vec4 1, 0, 1;
    %store/vec4 v000002bd2cc28850_0, 0, 1;
    %delay 10000, 0;
    %pushi/vec4 0, 0, 1;
    %store/vec4 v000002bd2cc28850_0, 0, 1;
    %delay 10000, 0;
    %pushi/vec4 1, 0, 1;
    %store/vec4 v000002bd2cc28850_0, 0, 1;
    %delay 10000, 0;
    %pushi/vec4 0, 0, 1;
    %store/vec4 v000002bd2cc28850_0, 0, 1;
    %delay 10000, 0;
    %vpi_call 2 39 "$finish" {0 0 0};
    %end;
    .thread T_4;
# The file index is used to find the file name in the following table.
:file_names 4;
    "N/A";
    "<interactive>";
    "tb_non_ov.v";
    "./non_ov_0110.v";
