#! /c/Source/iverilog-install/bin/vvp
:ivl_version "12.0 (devel)" "(s20150603-1539-g2693dd32b)";
:ivl_delay_selection "TYPICAL";
:vpi_time_precision - 12;
:vpi_module "C:\iverilog\lib\ivl\system.vpi";
:vpi_module "C:\iverilog\lib\ivl\vhdl_sys.vpi";
:vpi_module "C:\iverilog\lib\ivl\vhdl_textio.vpi";
:vpi_module "C:\iverilog\lib\ivl\v2005_math.vpi";
:vpi_module "C:\iverilog\lib\ivl\va_math.vpi";
S_000002afcbeac380 .scope module, "mealy_ov" "mealy_ov" 2 3;
 .timescale -9 -12;
    .port_info 0 /INPUT 1 "clk";
    .port_info 1 /INPUT 1 "rst";
    .port_info 2 /INPUT 1 "in";
    .port_info 3 /OUTPUT 1 "out";
P_000002afcbec2d20 .param/l "s0" 0 2 10, +C4<00000000000000000000000000000000>;
P_000002afcbec2d58 .param/l "s1" 0 2 10, +C4<00000000000000000000000000000001>;
P_000002afcbec2d90 .param/l "s10" 0 2 10, +C4<00000000000000000000000000000010>;
P_000002afcbec2dc8 .param/l "s101" 0 2 10, +C4<00000000000000000000000000000011>;
P_000002afcbec2e00 .param/l "s1011" 0 2 10, +C4<00000000000000000000000000000100>;
o000002afcbef8f78 .functor BUFZ 1, C4<z>; HiZ drive
v000002afcbec33a0_0 .net "clk", 0 0, o000002afcbef8f78;  0 drivers
o000002afcbef8fa8 .functor BUFZ 1, C4<z>; HiZ drive
v000002afcbeac510_0 .net "in", 0 0, o000002afcbef8fa8;  0 drivers
v000002afcbec2e40_0 .var "out", 0 0;
o000002afcbef9008 .functor BUFZ 1, C4<z>; HiZ drive
v000002afcbec2ee0_0 .net "rst", 0 0, o000002afcbef9008;  0 drivers
v000002afcbec2f80_0 .var "state", 2 0;
E_000002afcbeaba10 .event posedge, v000002afcbec33a0_0;
    .scope S_000002afcbeac380;
T_0 ;
    %wait E_000002afcbeaba10;
    %load/vec4 v000002afcbec2ee0_0;
    %cmpi/e 1, 0, 1;
    %jmp/0xz  T_0.0, 4;
    %pushi/vec4 0, 0, 3;
    %assign/vec4 v000002afcbec2f80_0, 0;
    %pushi/vec4 0, 0, 1;
    %assign/vec4 v000002afcbec2e40_0, 0;
    %jmp T_0.1;
T_0.0 ;
    %load/vec4 v000002afcbec2f80_0;
    %dup/vec4;
    %pushi/vec4 0, 0, 3;
    %cmp/u;
    %jmp/1 T_0.2, 6;
    %dup/vec4;
    %pushi/vec4 1, 0, 3;
    %cmp/u;
    %jmp/1 T_0.3, 6;
    %dup/vec4;
    %pushi/vec4 2, 0, 3;
    %cmp/u;
    %jmp/1 T_0.4, 6;
    %dup/vec4;
    %pushi/vec4 3, 0, 3;
    %cmp/u;
    %jmp/1 T_0.5, 6;
    %dup/vec4;
    %pushi/vec4 4, 0, 3;
    %cmp/u;
    %jmp/1 T_0.6, 6;
    %jmp T_0.7;
T_0.2 ;
    %load/vec4 v000002afcbeac510_0;
    %flag_set/vec4 8;
    %jmp/0 T_0.8, 8;
    %pushi/vec4 1, 0, 32;
    %jmp/1 T_0.9, 8;
T_0.8 ; End of true expr.
    %pushi/vec4 0, 0, 32;
    %jmp/0 T_0.9, 8;
 ; End of false expr.
    %blend;
T_0.9;
    %pad/s 3;
    %assign/vec4 v000002afcbec2f80_0, 0;
    %pushi/vec4 0, 0, 1;
    %assign/vec4 v000002afcbec2e40_0, 0;
    %jmp T_0.7;
T_0.3 ;
    %load/vec4 v000002afcbeac510_0;
    %flag_set/vec4 8;
    %jmp/0 T_0.10, 8;
    %pushi/vec4 1, 0, 32;
    %jmp/1 T_0.11, 8;
T_0.10 ; End of true expr.
    %pushi/vec4 2, 0, 32;
    %jmp/0 T_0.11, 8;
 ; End of false expr.
    %blend;
T_0.11;
    %pad/s 3;
    %assign/vec4 v000002afcbec2f80_0, 0;
    %pushi/vec4 0, 0, 1;
    %assign/vec4 v000002afcbec2e40_0, 0;
    %jmp T_0.7;
T_0.4 ;
    %load/vec4 v000002afcbeac510_0;
    %flag_set/vec4 8;
    %jmp/0 T_0.12, 8;
    %pushi/vec4 3, 0, 32;
    %jmp/1 T_0.13, 8;
T_0.12 ; End of true expr.
    %pushi/vec4 0, 0, 32;
    %jmp/0 T_0.13, 8;
 ; End of false expr.
    %blend;
T_0.13;
    %pad/s 3;
    %assign/vec4 v000002afcbec2f80_0, 0;
    %pushi/vec4 0, 0, 1;
    %assign/vec4 v000002afcbec2e40_0, 0;
    %jmp T_0.7;
T_0.5 ;
    %load/vec4 v000002afcbeac510_0;
    %flag_set/vec4 8;
    %jmp/0 T_0.14, 8;
    %pushi/vec4 4, 0, 32;
    %jmp/1 T_0.15, 8;
T_0.14 ; End of true expr.
    %pushi/vec4 3, 0, 32;
    %jmp/0 T_0.15, 8;
 ; End of false expr.
    %blend;
T_0.15;
    %pad/s 3;
    %assign/vec4 v000002afcbec2f80_0, 0;
    %pushi/vec4 0, 0, 1;
    %assign/vec4 v000002afcbec2e40_0, 0;
    %jmp T_0.7;
T_0.6 ;
    %load/vec4 v000002afcbeac510_0;
    %flag_set/vec4 8;
    %jmp/0 T_0.16, 8;
    %pushi/vec4 1, 0, 32;
    %jmp/1 T_0.17, 8;
T_0.16 ; End of true expr.
    %pushi/vec4 2, 0, 32;
    %jmp/0 T_0.17, 8;
 ; End of false expr.
    %blend;
T_0.17;
    %pad/s 3;
    %assign/vec4 v000002afcbec2f80_0, 0;
    %load/vec4 v000002afcbeac510_0;
    %flag_set/vec4 8;
    %jmp/0 T_0.18, 8;
    %pushi/vec4 0, 0, 2;
    %jmp/1 T_0.19, 8;
T_0.18 ; End of true expr.
    %pushi/vec4 1, 0, 2;
    %jmp/0 T_0.19, 8;
 ; End of false expr.
    %blend;
T_0.19;
    %pad/s 1;
    %assign/vec4 v000002afcbec2e40_0, 0;
    %jmp T_0.7;
T_0.7 ;
    %pop/vec4 1;
T_0.1 ;
    %jmp T_0;
    .thread T_0;
# The file index is used to find the file name in the following table.
:file_names 3;
    "N/A";
    "<interactive>";
    "mealy_ov.v";
