#! /c/Source/iverilog-install/bin/vvp
:ivl_version "12.0 (devel)" "(s20150603-1539-g2693dd32b)";
:ivl_delay_selection "TYPICAL";
:vpi_time_precision - 12;
:vpi_module "C:\iverilog\lib\ivl\system.vpi";
:vpi_module "C:\iverilog\lib\ivl\vhdl_sys.vpi";
:vpi_module "C:\iverilog\lib\ivl\vhdl_textio.vpi";
:vpi_module "C:\iverilog\lib\ivl\v2005_math.vpi";
:vpi_module "C:\iverilog\lib\ivl\va_math.vpi";
S_0000013946286bd0 .scope module, "tb_ov" "tb_ov" 2 4;
 .timescale -9 -12;
v0000013946298c50_0 .var "clk", 0 0;
v0000013946294320_0 .var "in", 0 0;
v00000139462943c0_0 .net "out", 0 0, v000001394624c560_0;  1 drivers
v0000013946294460_0 .var "rst", 0 0;
S_0000013946298900 .scope module, "dut" "mealy_ov" 2 9, 3 3 0, S_0000013946286bd0;
 .timescale -9 -12;
    .port_info 0 /INPUT 1 "clk";
    .port_info 1 /INPUT 1 "rst";
    .port_info 2 /INPUT 1 "in";
    .port_info 3 /OUTPUT 1 "out";
P_0000013946298a90 .param/l "s0" 0 3 10, +C4<00000000000000000000000000000000>;
P_0000013946298ac8 .param/l "s1" 0 3 10, +C4<00000000000000000000000000000001>;
P_0000013946298b00 .param/l "s10" 0 3 10, +C4<00000000000000000000000000000010>;
P_0000013946298b38 .param/l "s101" 0 3 10, +C4<00000000000000000000000000000011>;
P_0000013946298b70 .param/l "s1011" 0 3 10, +C4<00000000000000000000000000000100>;
v00000139462633e0_0 .net "clk", 0 0, v0000013946298c50_0;  1 drivers
v0000013946263160_0 .net "in", 0 0, v0000013946294320_0;  1 drivers
v000001394624c560_0 .var "out", 0 0;
v0000013946286920_0 .net "rst", 0 0, v0000013946294460_0;  1 drivers
v0000013946298bb0_0 .var "state", 2 0;
E_000001394624a2a0 .event posedge, v00000139462633e0_0;
    .scope S_0000013946298900;
T_0 ;
    %wait E_000001394624a2a0;
    %load/vec4 v0000013946286920_0;
    %cmpi/e 1, 0, 1;
    %jmp/0xz  T_0.0, 4;
    %pushi/vec4 0, 0, 3;
    %assign/vec4 v0000013946298bb0_0, 0;
    %pushi/vec4 0, 0, 1;
    %assign/vec4 v000001394624c560_0, 0;
    %jmp T_0.1;
T_0.0 ;
    %load/vec4 v0000013946298bb0_0;
    %dup/vec4;
    %pushi/vec4 0, 0, 3;
    %cmp/u;
    %jmp/1 T_0.2, 6;
    %dup/vec4;
    %pushi/vec4 1, 0, 3;
    %cmp/u;
    %jmp/1 T_0.3, 6;
    %dup/vec4;
    %pushi/vec4 2, 0, 3;
    %cmp/u;
    %jmp/1 T_0.4, 6;
    %dup/vec4;
    %pushi/vec4 3, 0, 3;
    %cmp/u;
    %jmp/1 T_0.5, 6;
    %dup/vec4;
    %pushi/vec4 4, 0, 3;
    %cmp/u;
    %jmp/1 T_0.6, 6;
    %jmp T_0.7;
T_0.2 ;
    %load/vec4 v0000013946263160_0;
    %flag_set/vec4 8;
    %jmp/0 T_0.8, 8;
    %pushi/vec4 1, 0, 32;
    %jmp/1 T_0.9, 8;
T_0.8 ; End of true expr.
    %pushi/vec4 0, 0, 32;
    %jmp/0 T_0.9, 8;
 ; End of false expr.
    %blend;
T_0.9;
    %pad/s 3;
    %assign/vec4 v0000013946298bb0_0, 0;
    %pushi/vec4 0, 0, 1;
    %assign/vec4 v000001394624c560_0, 0;
    %jmp T_0.7;
T_0.3 ;
    %load/vec4 v0000013946263160_0;
    %flag_set/vec4 8;
    %jmp/0 T_0.10, 8;
    %pushi/vec4 1, 0, 32;
    %jmp/1 T_0.11, 8;
T_0.10 ; End of true expr.
    %pushi/vec4 2, 0, 32;
    %jmp/0 T_0.11, 8;
 ; End of false expr.
    %blend;
T_0.11;
    %pad/s 3;
    %assign/vec4 v0000013946298bb0_0, 0;
    %pushi/vec4 0, 0, 1;
    %assign/vec4 v000001394624c560_0, 0;
    %jmp T_0.7;
T_0.4 ;
    %load/vec4 v0000013946263160_0;
    %flag_set/vec4 8;
    %jmp/0 T_0.12, 8;
    %pushi/vec4 3, 0, 32;
    %jmp/1 T_0.13, 8;
T_0.12 ; End of true expr.
    %pushi/vec4 0, 0, 32;
    %jmp/0 T_0.13, 8;
 ; End of false expr.
    %blend;
T_0.13;
    %pad/s 3;
    %assign/vec4 v0000013946298bb0_0, 0;
    %pushi/vec4 0, 0, 1;
    %assign/vec4 v000001394624c560_0, 0;
    %jmp T_0.7;
T_0.5 ;
    %load/vec4 v0000013946263160_0;
    %flag_set/vec4 8;
    %jmp/0 T_0.14, 8;
    %pushi/vec4 4, 0, 32;
    %jmp/1 T_0.15, 8;
T_0.14 ; End of true expr.
    %pushi/vec4 3, 0, 32;
    %jmp/0 T_0.15, 8;
 ; End of false expr.
    %blend;
T_0.15;
    %pad/s 3;
    %assign/vec4 v0000013946298bb0_0, 0;
    %pushi/vec4 0, 0, 1;
    %assign/vec4 v000001394624c560_0, 0;
    %jmp T_0.7;
T_0.6 ;
    %load/vec4 v0000013946263160_0;
    %flag_set/vec4 8;
    %jmp/0 T_0.16, 8;
    %pushi/vec4 1, 0, 32;
    %jmp/1 T_0.17, 8;
T_0.16 ; End of true expr.
    %pushi/vec4 2, 0, 32;
    %jmp/0 T_0.17, 8;
 ; End of false expr.
    %blend;
T_0.17;
    %pad/s 3;
    %assign/vec4 v0000013946298bb0_0, 0;
    %load/vec4 v0000013946263160_0;
    %flag_set/vec4 8;
    %jmp/0 T_0.18, 8;
    %pushi/vec4 0, 0, 2;
    %jmp/1 T_0.19, 8;
T_0.18 ; End of true expr.
    %pushi/vec4 1, 0, 2;
    %jmp/0 T_0.19, 8;
 ; End of false expr.
    %blend;
T_0.19;
    %pad/s 1;
    %assign/vec4 v000001394624c560_0, 0;
    %jmp T_0.7;
T_0.7 ;
    %pop/vec4 1;
T_0.1 ;
    %jmp T_0;
    .thread T_0;
    .scope S_0000013946286bd0;
T_1 ;
    %pushi/vec4 0, 0, 1;
    %store/vec4 v0000013946298c50_0, 0, 1;
    %pushi/vec4 1, 0, 1;
    %store/vec4 v0000013946294460_0, 0, 1;
    %delay 15000, 0;
    %pushi/vec4 0, 0, 1;
    %store/vec4 v0000013946294460_0, 0, 1;
    %end;
    .thread T_1;
    .scope S_0000013946286bd0;
T_2 ;
    %delay 5000, 0;
    %load/vec4 v0000013946298c50_0;
    %inv;
    %store/vec4 v0000013946298c50_0, 0, 1;
    %jmp T_2;
    .thread T_2;
    .scope S_0000013946286bd0;
T_3 ;
    %vpi_call 2 20 "$monitor", "%t | in = %b | out = %b | state = %d", $time, v0000013946294320_0, v00000139462943c0_0, v0000013946298bb0_0 {0 0 0};
    %vpi_call 2 21 "$dumpfile", "ov.vcd" {0 0 0};
    %vpi_call 2 22 "$dumpvars", 32'sb00000000000000000000000000000000, S_0000013946286bd0 {0 0 0};
    %end;
    .thread T_3;
    .scope S_0000013946286bd0;
T_4 ;
    %pushi/vec4 0, 0, 1;
    %store/vec4 v0000013946294320_0, 0, 1;
    %delay 15000, 0;
    %pushi/vec4 1, 0, 1;
    %store/vec4 v0000013946294320_0, 0, 1;
    %delay 10000, 0;
    %pushi/vec4 0, 0, 1;
    %store/vec4 v0000013946294320_0, 0, 1;
    %delay 10000, 0;
    %pushi/vec4 1, 0, 1;
    %store/vec4 v0000013946294320_0, 0, 1;
    %delay 10000, 0;
    %pushi/vec4 1, 0, 1;
    %store/vec4 v0000013946294320_0, 0, 1;
    %delay 10000, 0;
    %pushi/vec4 0, 0, 1;
    %store/vec4 v0000013946294320_0, 0, 1;
    %delay 10000, 0;
    %pushi/vec4 1, 0, 1;
    %store/vec4 v0000013946294320_0, 0, 1;
    %delay 10000, 0;
    %pushi/vec4 1, 0, 1;
    %store/vec4 v0000013946294320_0, 0, 1;
    %delay 10000, 0;
    %pushi/vec4 0, 0, 1;
    %store/vec4 v0000013946294320_0, 0, 1;
    %delay 15000, 0;
    %vpi_call 2 35 "$stop" {0 0 0};
    %end;
    .thread T_4;
# The file index is used to find the file name in the following table.
:file_names 4;
    "N/A";
    "<interactive>";
    "tb_ov.v";
    "./mealy_ov.v";
