#! /c/Source/iverilog-install/bin/vvp
:ivl_version "12.0 (devel)" "(s20150603-1539-g2693dd32b)";
:ivl_delay_selection "TYPICAL";
:vpi_time_precision - 12;
:vpi_module "C:\iverilog\lib\ivl\system.vpi";
:vpi_module "C:\iverilog\lib\ivl\vhdl_sys.vpi";
:vpi_module "C:\iverilog\lib\ivl\vhdl_textio.vpi";
:vpi_module "C:\iverilog\lib\ivl\v2005_math.vpi";
:vpi_module "C:\iverilog\lib\ivl\va_math.vpi";
S_00000223b7ac6a80 .scope module, "tb_non_ov" "tb_non_ov" 2 4;
 .timescale -9 -12;
v00000223b7aa3080_0 .var "clk", 0 0;
v00000223b7aa3120_0 .var "in", 0 0;
v00000223b7ad2fe0_0 .net "out", 0 0, v00000223b7aa2ea0_0;  1 drivers
v00000223b7ad3080_0 .var "rst", 0 0;
S_00000223b7ac6c10 .scope module, "dut" "non_ov_1010" 2 9, 3 3 0, S_00000223b7ac6a80;
 .timescale -9 -12;
    .port_info 0 /INPUT 1 "clk";
    .port_info 1 /INPUT 1 "rst";
    .port_info 2 /INPUT 1 "in";
    .port_info 3 /OUTPUT 1 "out";
P_00000223b7a8c4c0 .param/l "s0" 0 3 10, +C4<00000000000000000000000000000000>;
P_00000223b7a8c4f8 .param/l "s1" 0 3 10, +C4<00000000000000000000000000000001>;
P_00000223b7a8c530 .param/l "s10" 0 3 10, +C4<00000000000000000000000000000010>;
P_00000223b7a8c568 .param/l "s101" 0 3 10, +C4<00000000000000000000000000000011>;
P_00000223b7a8c5a0 .param/l "s1010" 0 3 10, +C4<00000000000000000000000000000100>;
v00000223b7aa33e0_0 .net "clk", 0 0, v00000223b7aa3080_0;  1 drivers
v00000223b7aa2d60_0 .net "in", 0 0, v00000223b7aa3120_0;  1 drivers
v00000223b7aa2e00_0 .var "ns", 2 0;
v00000223b7aa2ea0_0 .var "out", 0 0;
v00000223b7aa2f40_0 .var "ps", 2 0;
v00000223b7aa2fe0_0 .net "rst", 0 0, v00000223b7ad3080_0;  1 drivers
E_00000223b7ade300 .event anyedge, v00000223b7aa2d60_0, v00000223b7aa2f40_0;
E_00000223b7adeb00 .event posedge, v00000223b7aa33e0_0;
    .scope S_00000223b7ac6c10;
T_0 ;
    %wait E_00000223b7adeb00;
    %load/vec4 v00000223b7aa2fe0_0;
    %pad/u 32;
    %cmpi/e 1, 0, 32;
    %jmp/0xz  T_0.0, 4;
    %pushi/vec4 0, 0, 1;
    %assign/vec4 v00000223b7aa2ea0_0, 0;
    %pushi/vec4 0, 0, 3;
    %assign/vec4 v00000223b7aa2f40_0, 0;
    %jmp T_0.1;
T_0.0 ;
    %load/vec4 v00000223b7aa2e00_0;
    %assign/vec4 v00000223b7aa2f40_0, 0;
T_0.1 ;
    %jmp T_0;
    .thread T_0;
    .scope S_00000223b7ac6c10;
T_1 ;
    %wait E_00000223b7ade300;
    %load/vec4 v00000223b7aa2f40_0;
    %dup/vec4;
    %pushi/vec4 0, 0, 3;
    %cmp/u;
    %jmp/1 T_1.0, 6;
    %dup/vec4;
    %pushi/vec4 1, 0, 3;
    %cmp/u;
    %jmp/1 T_1.1, 6;
    %dup/vec4;
    %pushi/vec4 2, 0, 3;
    %cmp/u;
    %jmp/1 T_1.2, 6;
    %dup/vec4;
    %pushi/vec4 3, 0, 3;
    %cmp/u;
    %jmp/1 T_1.3, 6;
    %dup/vec4;
    %pushi/vec4 4, 0, 3;
    %cmp/u;
    %jmp/1 T_1.4, 6;
    %pushi/vec4 0, 0, 1;
    %store/vec4 v00000223b7aa2ea0_0, 0, 1;
    %pushi/vec4 0, 0, 3;
    %store/vec4 v00000223b7aa2e00_0, 0, 3;
    %jmp T_1.6;
T_1.0 ;
    %pushi/vec4 0, 0, 1;
    %store/vec4 v00000223b7aa2ea0_0, 0, 1;
    %load/vec4 v00000223b7aa2d60_0;
    %flag_set/vec4 8;
    %jmp/0 T_1.7, 8;
    %pushi/vec4 1, 0, 32;
    %jmp/1 T_1.8, 8;
T_1.7 ; End of true expr.
    %pushi/vec4 0, 0, 32;
    %jmp/0 T_1.8, 8;
 ; End of false expr.
    %blend;
T_1.8;
    %pad/s 3;
    %store/vec4 v00000223b7aa2e00_0, 0, 3;
    %jmp T_1.6;
T_1.1 ;
    %pushi/vec4 0, 0, 1;
    %store/vec4 v00000223b7aa2ea0_0, 0, 1;
    %load/vec4 v00000223b7aa2d60_0;
    %flag_set/vec4 8;
    %jmp/0 T_1.9, 8;
    %pushi/vec4 1, 0, 32;
    %jmp/1 T_1.10, 8;
T_1.9 ; End of true expr.
    %pushi/vec4 2, 0, 32;
    %jmp/0 T_1.10, 8;
 ; End of false expr.
    %blend;
T_1.10;
    %pad/s 3;
    %store/vec4 v00000223b7aa2e00_0, 0, 3;
    %jmp T_1.6;
T_1.2 ;
    %pushi/vec4 0, 0, 1;
    %store/vec4 v00000223b7aa2ea0_0, 0, 1;
    %load/vec4 v00000223b7aa2d60_0;
    %flag_set/vec4 8;
    %jmp/0 T_1.11, 8;
    %pushi/vec4 3, 0, 32;
    %jmp/1 T_1.12, 8;
T_1.11 ; End of true expr.
    %pushi/vec4 0, 0, 32;
    %jmp/0 T_1.12, 8;
 ; End of false expr.
    %blend;
T_1.12;
    %pad/s 3;
    %store/vec4 v00000223b7aa2e00_0, 0, 3;
    %jmp T_1.6;
T_1.3 ;
    %pushi/vec4 0, 0, 1;
    %store/vec4 v00000223b7aa2ea0_0, 0, 1;
    %load/vec4 v00000223b7aa2d60_0;
    %flag_set/vec4 8;
    %jmp/0 T_1.13, 8;
    %pushi/vec4 1, 0, 32;
    %jmp/1 T_1.14, 8;
T_1.13 ; End of true expr.
    %pushi/vec4 4, 0, 32;
    %jmp/0 T_1.14, 8;
 ; End of false expr.
    %blend;
T_1.14;
    %pad/s 3;
    %store/vec4 v00000223b7aa2e00_0, 0, 3;
    %jmp T_1.6;
T_1.4 ;
    %pushi/vec4 1, 0, 1;
    %store/vec4 v00000223b7aa2ea0_0, 0, 1;
    %load/vec4 v00000223b7aa2d60_0;
    %flag_set/vec4 8;
    %jmp/0 T_1.15, 8;
    %pushi/vec4 1, 0, 32;
    %jmp/1 T_1.16, 8;
T_1.15 ; End of true expr.
    %pushi/vec4 0, 0, 32;
    %jmp/0 T_1.16, 8;
 ; End of false expr.
    %blend;
T_1.16;
    %pad/s 3;
    %store/vec4 v00000223b7aa2e00_0, 0, 3;
    %jmp T_1.6;
T_1.6 ;
    %pop/vec4 1;
    %jmp T_1;
    .thread T_1, $push;
    .scope S_00000223b7ac6a80;
T_2 ;
    %pushi/vec4 0, 0, 1;
    %store/vec4 v00000223b7aa3080_0, 0, 1;
    %pushi/vec4 1, 0, 1;
    %store/vec4 v00000223b7ad3080_0, 0, 1;
    %delay 15000, 0;
    %pushi/vec4 0, 0, 1;
    %store/vec4 v00000223b7ad3080_0, 0, 1;
    %end;
    .thread T_2;
    .scope S_00000223b7ac6a80;
T_3 ;
    %delay 5000, 0;
    %load/vec4 v00000223b7aa3080_0;
    %inv;
    %store/vec4 v00000223b7aa3080_0, 0, 1;
    %jmp T_3;
    .thread T_3;
    .scope S_00000223b7ac6a80;
T_4 ;
    %vpi_call 2 20 "$monitor", "%t || in = %b || out = %b || state = %d", $time, v00000223b7aa3120_0, v00000223b7ad2fe0_0, v00000223b7aa2f40_0 {0 0 0};
    %vpi_call 2 21 "$dumpfile", "non_ov.vcd" {0 0 0};
    %vpi_call 2 22 "$dumpvars", 32'sb00000000000000000000000000000000, S_00000223b7ac6a80 {0 0 0};
    %end;
    .thread T_4;
    .scope S_00000223b7ac6a80;
T_5 ;
    %pushi/vec4 0, 0, 1;
    %store/vec4 v00000223b7aa3120_0, 0, 1;
    %delay 10000, 0;
    %pushi/vec4 1, 0, 1;
    %store/vec4 v00000223b7aa3120_0, 0, 1;
    %delay 10000, 0;
    %pushi/vec4 0, 0, 1;
    %store/vec4 v00000223b7aa3120_0, 0, 1;
    %delay 10000, 0;
    %pushi/vec4 1, 0, 1;
    %store/vec4 v00000223b7aa3120_0, 0, 1;
    %delay 10000, 0;
    %pushi/vec4 0, 0, 1;
    %store/vec4 v00000223b7aa3120_0, 0, 1;
    %delay 10000, 0;
    %pushi/vec4 1, 0, 1;
    %store/vec4 v00000223b7aa3120_0, 0, 1;
    %delay 10000, 0;
    %pushi/vec4 0, 0, 1;
    %store/vec4 v00000223b7aa3120_0, 0, 1;
    %delay 10000, 0;
    %pushi/vec4 1, 0, 1;
    %store/vec4 v00000223b7aa3120_0, 0, 1;
    %delay 10000, 0;
    %pushi/vec4 0, 0, 1;
    %store/vec4 v00000223b7aa3120_0, 0, 1;
    %delay 10000, 0;
    %pushi/vec4 1, 0, 1;
    %store/vec4 v00000223b7aa3120_0, 0, 1;
    %delay 10000, 0;
    %pushi/vec4 0, 0, 1;
    %store/vec4 v00000223b7aa3120_0, 0, 1;
    %delay 10000, 0;
    %pushi/vec4 1, 0, 1;
    %store/vec4 v00000223b7aa3120_0, 0, 1;
    %delay 10000, 0;
    %vpi_call 2 38 "$finish" {0 0 0};
    %end;
    .thread T_5;
# The file index is used to find the file name in the following table.
:file_names 4;
    "N/A";
    "<interactive>";
    "tb_non_ov.v";
    "./non_ov_1010.v";
